#
# There is insufficient memory for the Java Runtime Environment to continue.
# Cannot create GC thread. Out of system resources.
# Possible reasons:
#   The system is out of physical RAM or swap space
#   In 32 bit mode, the process size limit was hit
# Possible solutions:
#   Reduce memory load on the system
#   Increase physical memory or swap space
#   Check if swap backing store is full
#   Use 64 bit Java on a 64 bit OS
#   Decrease Java heap size (-Xmx/-Xms)
#   Decrease number of Java threads
#   Decrease Java thread stack sizes (-Xss)
#   Set larger code cache with -XX:ReservedCodeCacheSize=
# This output file may be truncated or incomplete.
#
#  Out of Memory Error (gcTaskThread.cpp:46), pid=1149, tid=140125437069056
#
# JRE version:  (7.0_79-b14) (build )
# Java VM: OpenJDK 64-Bit Server VM (24.79-b02 mixed mode linux-amd64 compressed oops)
# Derivative: IcedTea 2.5.5
# Distribution: Ubuntu 14.04 LTS, package 7u79-2.5.5-0ubuntu0.14.04.2
# Failed to write core dump. Core dumps have been disabled. To enable core dumping, try "ulimit -c unlimited" before starting Java again
#

---------------  T H R E A D  ---------------

Current thread (0x00007f717800a000):  JavaThread "Unknown thread" [_thread_in_vm, id=1150, stack(0x00007f717ed68000,0x00007f717ee69000)]

Stack: [0x00007f717ed68000,0x00007f717ee69000],  sp=0x00007f717ee67750,  free space=1021k
Native frames: (J=compiled Java code, j=interpreted, Vv=VM code, C=native code)
V  [libjvm.so+0x94aec5]  VMError::report_and_die()+0x175
V  [libjvm.so+0x48b9c4]  report_vm_out_of_memory(char const*, int, unsigned long, char const*)+0x74
V  [libjvm.so+0x54532a]  GCTaskThread::GCTaskThread(GCTaskManager*, unsigned int, unsigned int)+0xfa
V  [libjvm.so+0x544647]  GCTaskManager::initialize()+0x2b7
V  [libjvm.so+0x7e8784]  ParallelScavengeHeap::initialize()+0x7d4
V  [libjvm.so+0x91b937]  Universe::initialize_heap()+0xc7
V  [libjvm.so+0x91bc67]  universe_init()+0x67
V  [libjvm.so+0x59d2a5]  init_globals()+0x55
V  [libjvm.so+0x8fe64f]  Threads::create_vm(JavaVMInitArgs*, bool*)+0x35f
V  [libjvm.so+0x608624]  JNI_CreateJavaVM+0x54
C  [libjli.so+0x2b48]


---------------  P R O C E S S  ---------------

Java Threads: ( => current thread )

Other Threads:

=>0x00007f717800a000 (exited) JavaThread "Unknown thread" [_thread_in_vm, id=1150, stack(0x00007f717ed68000,0x00007f717ee69000)]

VM state:not at safepoint (not fully initialized)

VM Mutex/Monitor currently owned by a thread: None

GC Heap History (0 events):
No events

Deoptimization events (0 events):
No events

Internal exceptions (0 events):
No events

Events (0 events):
No events


Dynamic libraries:
00400000-00401000 r-xp 00000000 00:e75 493                               /usr/lib/jvm/java-7-openjdk-amd64/bin/javac
00600000-00601000 r--p 00000000 00:e75 493                               /usr/lib/jvm/java-7-openjdk-amd64/bin/javac
00601000-00602000 rw-p 00001000 00:e75 493                               /usr/lib/jvm/java-7-openjdk-amd64/bin/javac
00b53000-00b74000 rw-p 00000000 00:00 0                                  [heap]
4c2200000-4c3700000 rw-p 00000000 00:00 0 
4c3700000-4cc800000 rw-p 00000000 00:00 0 
4cc800000-4ccd80000 rw-p 00000000 00:00 0 
4ccd80000-6eed00000 rw-p 00000000 00:00 0 
6eed00000-6ef100000 rw-p 00000000 00:00 0 
6ef100000-800000000 rw-p 00000000 00:00 0 
7f7171482000-7f71716bc000 rw-p 00000000 00:00 0 
7f71716bc000-7f71716bd000 ---p 00000000 00:00 0 
7f71716bd000-7f71717bd000 rw-p 00000000 00:00 0 
7f71717bd000-7f71717be000 ---p 00000000 00:00 0 
7f71717be000-7f71718be000 rw-p 00000000 00:00 0                          [stack:18561]
7f71718be000-7f71718bf000 ---p 00000000 00:00 0 
7f71718bf000-7f71719bf000 rw-p 00000000 00:00 0                          [stack:16603]
7f71719bf000-7f71719c0000 ---p 00000000 00:00 0 
7f71719c0000-7f7171ac0000 rw-p 00000000 00:00 0                          [stack:16596]
7f7171ac0000-7f7171ac1000 ---p 00000000 00:00 0 
7f7171ac1000-7f7171bc1000 rw-p 00000000 00:00 0                          [stack:26654]
7f7171bc1000-7f7171bc2000 ---p 00000000 00:00 0 
7f7171bc2000-7f7171cc5000 rw-p 00000000 00:00 0                          [stack:25791]
7f7171cc5000-7f7172dd5000 rw-p 00000000 00:00 0 
7f7172dd5000-7f7172de0000 rw-p 00000000 00:00 0 
7f7172de0000-7f7172e28000 rw-p 00000000 00:00 0 
7f7172e28000-7f7172e2b000 rw-p 00000000 00:00 0 
7f7172e2b000-7f7173f3a000 rw-p 00000000 00:00 0 
7f7173f3a000-7f7173f3d000 rw-p 00000000 00:00 0 
7f7173f3d000-7f71747c4000 rw-p 00000000 00:00 0 
7f71747c4000-7f71747c5000 rw-p 00000000 00:00 0 
7f71747c5000-7f7174a35000 rwxp 00000000 00:00 0 
7f7174a35000-7f71777c5000 rw-p 00000000 00:00 0 
7f71777c5000-7f71777cd000 r-xp 00000000 00:e75 514                       /usr/lib/jvm/java-7-openjdk-amd64/jre/lib/amd64/libzip.so
7f71777cd000-7f71779cc000 ---p 00008000 00:e75 514                       /usr/lib/jvm/java-7-openjdk-amd64/jre/lib/amd64/libzip.so
7f71779cc000-7f71779cd000 r--p 00007000 00:e75 514                       /usr/lib/jvm/java-7-openjdk-amd64/jre/lib/amd64/libzip.so
7f71779cd000-7f71779ce000 rw-p 00008000 00:e75 514                       /usr/lib/jvm/java-7-openjdk-amd64/jre/lib/amd64/libzip.so
7f71779ce000-7f71779d9000 r-xp 00000000 00:e75 105                       /lib/x86_64-linux-gnu/libnss_files-2.19.so
7f71779d9000-7f7177bd8000 ---p 0000b000 00:e75 105                       /lib/x86_64-linux-gnu/libnss_files-2.19.so
7f7177bd8000-7f7177bd9000 r--p 0000a000 00:e75 105                       /lib/x86_64-linux-gnu/libnss_files-2.19.so
7f7177bd9000-7f7177bda000 rw-p 0000b000 00:e75 105                       /lib/x86_64-linux-gnu/libnss_files-2.19.so
7f7177bda000-7f7177be5000 r-xp 00000000 00:e75 103                       /lib/x86_64-linux-gnu/libnss_nis-2.19.so
7f7177be5000-7f7177de4000 ---p 0000b000 00:e75 103                       /lib/x86_64-linux-gnu/libnss_nis-2.19.so
7f7177de4000-7f7177de5000 r--p 0000a000 00:e75 103                       /lib/x86_64-linux-gnu/libnss_nis-2.19.so
7f7177de5000-7f7177de6000 rw-p 0000b000 00:e75 103                       /lib/x86_64-linux-gnu/libnss_nis-2.19.so
7f7177de6000-7f7177dfd000 r-xp 00000000 00:e75 101                       /lib/x86_64-linux-gnu/libnsl-2.19.so
7f7177dfd000-7f7177ffc000 ---p 00017000 00:e75 101                       /lib/x86_64-linux-gnu/libnsl-2.19.so
7f7177ffc000-7f7177ffd000 r--p 00016000 00:e75 101                       /lib/x86_64-linux-gnu/libnsl-2.19.so
7f7177ffd000-7f7177ffe000 rw-p 00017000 00:e75 101                       /lib/x86_64-linux-gnu/libnsl-2.19.so
7f7177ffe000-7f7178000000 rw-p 00000000 00:00 0 
7f7178000000-7f7178033000 rw-p 00000000 00:00 0 
7f7178033000-7f717c000000 ---p 00000000 00:00 0 
7f717c087000-7f717c088000 ---p 00000000 00:00 0 
7f717c088000-7f717c193000 rw-p 00000000 00:00 0                          [stack:22709]
7f717c193000-7f717c1db000 rw-p 00000000 00:00 0 
7f717c1db000-7f717c1e4000 r-xp 00000000 00:e75 99                        /lib/x86_64-linux-gnu/libnss_compat-2.19.so
7f717c1e4000-7f717c3e3000 ---p 00009000 00:e75 99                        /lib/x86_64-linux-gnu/libnss_compat-2.19.so
7f717c3e3000-7f717c3e4000 r--p 00008000 00:e75 99                        /lib/x86_64-linux-gnu/libnss_compat-2.19.so
7f717c3e4000-7f717c3e5000 rw-p 00009000 00:e75 99                        /lib/x86_64-linux-gnu/libnss_compat-2.19.so
7f717c3e5000-7f717c410000 r-xp 00000000 00:e75 503                       /usr/lib/jvm/java-7-openjdk-amd64/jre/lib/amd64/libjava.so
7f717c410000-7f717c610000 ---p 0002b000 00:e75 503                       /usr/lib/jvm/java-7-openjdk-amd64/jre/lib/amd64/libjava.so
7f717c610000-7f717c611000 r--p 0002b000 00:e75 503                       /usr/lib/jvm/java-7-openjdk-amd64/jre/lib/amd64/libjava.so
7f717c611000-7f717c613000 rw-p 0002c000 00:e75 503                       /usr/lib/jvm/java-7-openjdk-amd64/jre/lib/amd64/libjava.so
7f717c613000-7f717c623000 r-xp 00000000 00:e75 509                       /usr/lib/jvm/java-7-openjdk-amd64/jre/lib/amd64/libverify.so
7f717c623000-7f717c822000 ---p 00010000 00:e75 509                       /usr/lib/jvm/java-7-openjdk-amd64/jre/lib/amd64/libverify.so
7f717c822000-7f717c824000 r--p 0000f000 00:e75 509                       /usr/lib/jvm/java-7-openjdk-amd64/jre/lib/amd64/libverify.so
7f717c824000-7f717c825000 rw-p 00011000 00:e75 509                       /usr/lib/jvm/java-7-openjdk-amd64/jre/lib/amd64/libverify.so
7f717c825000-7f717c82c000 r-xp 00000000 00:e75 461                       /lib/x86_64-linux-gnu/librt-2.19.so
7f717c82c000-7f717ca2b000 ---p 00007000 00:e75 461                       /lib/x86_64-linux-gnu/librt-2.19.so
7f717ca2b000-7f717ca2c000 r--p 00006000 00:e75 461                       /lib/x86_64-linux-gnu/librt-2.19.so
7f717ca2c000-7f717ca2d000 rw-p 00007000 00:e75 461                       /lib/x86_64-linux-gnu/librt-2.19.so
7f717ca2d000-7f717ca43000 r-xp 00000000 00:e75 464                       /lib/x86_64-linux-gnu/libgcc_s.so.1
7f717ca43000-7f717cc42000 ---p 00016000 00:e75 464                       /lib/x86_64-linux-gnu/libgcc_s.so.1
7f717cc42000-7f717cc43000 rw-p 00015000 00:e75 464                       /lib/x86_64-linux-gnu/libgcc_s.so.1
7f717cc43000-7f717cd48000 r-xp 00000000 00:e75 87                        /lib/x86_64-linux-gnu/libm-2.19.so
7f717cd48000-7f717cf47000 ---p 00105000 00:e75 87                        /lib/x86_64-linux-gnu/libm-2.19.so
7f717cf47000-7f717cf48000 r--p 00104000 00:e75 87                        /lib/x86_64-linux-gnu/libm-2.19.so
7f717cf48000-7f717cf49000 rw-p 00105000 00:e75 87                        /lib/x86_64-linux-gnu/libm-2.19.so
7f717cf49000-7f717d02f000 r-xp 00000000 00:e75 463                       /usr/lib/x86_64-linux-gnu/libstdc++.so.6.0.19
7f717d02f000-7f717d22e000 ---p 000e6000 00:e75 463                       /usr/lib/x86_64-linux-gnu/libstdc++.so.6.0.19
7f717d22e000-7f717d236000 r--p 000e5000 00:e75 463                       /usr/lib/x86_64-linux-gnu/libstdc++.so.6.0.19
7f717d236000-7f717d238000 rw-p 000ed000 00:e75 463                       /usr/lib/x86_64-linux-gnu/libstdc++.so.6.0.19
7f717d238000-7f717d24d000 rw-p 00000000 00:00 0 
7f717d24d000-7f717dd65000 r-xp 00000000 00:e75 508                       /usr/lib/jvm/java-7-openjdk-amd64/jre/lib/amd64/server/libjvm.so
7f717dd65000-7f717df65000 ---p 00b18000 00:e75 508                       /usr/lib/jvm/java-7-openjdk-amd64/jre/lib/amd64/server/libjvm.so
7f717df65000-7f717dfff000 r--p 00b18000 00:e75 508                       /usr/lib/jvm/java-7-openjdk-amd64/jre/lib/amd64/server/libjvm.so
7f717dfff000-7f717e022000 rw-p 00bb2000 00:e75 508                       /usr/lib/jvm/java-7-openjdk-amd64/jre/lib/amd64/server/libjvm.so
7f717e022000-7f717e050000 rw-p 00000000 00:00 0 
7f717e050000-7f717e068000 r-xp 00000000 00:e75 113                       /lib/x86_64-linux-gnu/libz.so.1.2.8
7f717e068000-7f717e267000 ---p 00018000 00:e75 113                       /lib/x86_64-linux-gnu/libz.so.1.2.8
7f717e267000-7f717e268000 r--p 00017000 00:e75 113                       /lib/x86_64-linux-gnu/libz.so.1.2.8
7f717e268000-7f717e269000 rw-p 00018000 00:e75 113                       /lib/x86_64-linux-gnu/libz.so.1.2.8
7f717e269000-7f717e282000 r-xp 00000000 00:e75 95                        /lib/x86_64-linux-gnu/libpthread-2.19.so
7f717e282000-7f717e481000 ---p 00019000 00:e75 95                        /lib/x86_64-linux-gnu/libpthread-2.19.so
7f717e481000-7f717e482000 r--p 00018000 00:e75 95                        /lib/x86_64-linux-gnu/libpthread-2.19.so
7f717e482000-7f717e483000 rw-p 00019000 00:e75 95                        /lib/x86_64-linux-gnu/libpthread-2.19.so
7f717e483000-7f717e487000 rw-p 00000000 00:00 0 
7f717e487000-7f717e48a000 r-xp 00000000 00:e75 65                        /lib/x86_64-linux-gnu/libdl-2.19.so
7f717e48a000-7f717e689000 ---p 00003000 00:e75 65                        /lib/x86_64-linux-gnu/libdl-2.19.so
7f717e689000-7f717e68a000 r--p 00002000 00:e75 65                        /lib/x86_64-linux-gnu/libdl-2.19.so
7f717e68a000-7f717e68b000 rw-p 00003000 00:e75 65                        /lib/x86_64-linux-gnu/libdl-2.19.so
7f717e68b000-7f717e846000 r-xp 00000000 00:e75 37                        /lib/x86_64-linux-gnu/libc-2.19.so
7f717e846000-7f717ea45000 ---p 001bb000 00:e75 37                        /lib/x86_64-linux-gnu/libc-2.19.so
7f717ea45000-7f717ea49000 r--p 001ba000 00:e75 37                        /lib/x86_64-linux-gnu/libc-2.19.so
7f717ea49000-7f717ea4b000 rw-p 001be000 00:e75 37                        /lib/x86_64-linux-gnu/libc-2.19.so
7f717ea4b000-7f717ea50000 rw-p 00000000 00:00 0 
7f717ea50000-7f717ea5d000 r-xp 00000000 00:e75 502                       /usr/lib/jvm/java-7-openjdk-amd64/jre/lib/amd64/jli/libjli.so
7f717ea5d000-7f717ec5c000 ---p 0000d000 00:e75 502                       /usr/lib/jvm/java-7-openjdk-amd64/jre/lib/amd64/jli/libjli.so
7f717ec5c000-7f717ec5d000 r--p 0000c000 00:e75 502                       /usr/lib/jvm/java-7-openjdk-amd64/jre/lib/amd64/jli/libjli.so
7f717ec5d000-7f717ec5e000 rw-p 0000d000 00:e75 502                       /usr/lib/jvm/java-7-openjdk-amd64/jre/lib/amd64/jli/libjli.so
7f717ec5e000-7f717ec81000 r-xp 00000000 00:e75 34                        /lib/x86_64-linux-gnu/ld-2.19.so
7f717eca8000-7f717ecb2000 rw-p 00000000 00:00 0 
7f717ecb2000-7f717ed68000 rw-p 00000000 00:00 0 
7f717ed68000-7f717ed6b000 ---p 00000000 00:00 0 
7f717ed6b000-7f717ee6e000 rw-p 00000000 00:00 0                          [stack:22178]
7f717ee72000-7f717ee74000 rw-p 00000000 00:00 0 
7f717ee74000-7f717ee7c000 rw-s 00000000 00:e75 538                       /tmp/hsperfdata_ubuntu/1149
7f717ee7c000-7f717ee7d000 rw-p 00000000 00:00 0 
7f717ee7d000-7f717ee7e000 r--p 00000000 00:00 0 
7f717ee7e000-7f717ee80000 rw-p 00000000 00:00 0 
7f717ee80000-7f717ee81000 r--p 00022000 00:e75 34                        /lib/x86_64-linux-gnu/ld-2.19.so
7f717ee81000-7f717ee82000 rw-p 00023000 00:e75 34                        /lib/x86_64-linux-gnu/ld-2.19.so
7f717ee82000-7f717ee83000 rw-p 00000000 00:00 0 
7fff9c7d1000-7fff9c7f2000 rw-p 00000000 00:00 0                          [stack]
7fff9c7fe000-7fff9c800000 r-xp 00000000 00:00 0                          [vdso]
ffffffffff600000-ffffffffff601000 r-xp 00000000 00:00 0                  [vsyscall]

VM Arguments:
jvm_args: -Dapplication.home=/usr/lib/jvm/java-7-openjdk-amd64 -Xms8m 
java_command: com.sun.tools.javac.Main GeometryLab.java
Launcher Type: SUN_STANDARD

Environment Variables:
PATH=/home/ubuntu/.nvm/v0.10.35/bin:/usr/local/rvm/gems/ruby-2.2.1/bin:/usr/local/rvm/gems/ruby-2.2.1@global/bin:/usr/local/rvm/rubies/ruby-2.2.1/bin:/mnt/shared/bin:/home/ubuntu/workspace/node_modules/.bin:/home/ubuntu/bin:/usr/local/sbin:/usr/local/bin:/usr/sbin:/usr/bin:/sbin:/bin:/mnt/shared/sbin:/opt/gitl:/opt/go/bin:/mnt/shared/c9/app.nw/bin:/usr/local/rvm/bin
SHELL=/bin/bash

Signal Handlers:
SIGSEGV: [libjvm.so+0x94b9a0], sa_mask[0]=0x7ffbfeff, sa_flags=0x10000004
SIGBUS: [libjvm.so+0x94b9a0], sa_mask[0]=0x7ffbfeff, sa_flags=0x10000004
SIGFPE: [libjvm.so+0x7c3880], sa_mask[0]=0x7ffbfeff, sa_flags=0x10000004
SIGPIPE: [libjvm.so+0x7c3880], sa_mask[0]=0x7ffbfeff, sa_flags=0x10000004
SIGXFSZ: [libjvm.so+0x7c3880], sa_mask[0]=0x7ffbfeff, sa_flags=0x10000004
SIGILL: [libjvm.so+0x7c3880], sa_mask[0]=0x7ffbfeff, sa_flags=0x10000004
SIGUSR1: SIG_DFL, sa_mask[0]=0x00000000, sa_flags=0x00000000
SIGUSR2: [libjvm.so+0x7c3720], sa_mask[0]=0x00000000, sa_flags=0x10000004
SIGHUP: SIG_DFL, sa_mask[0]=0x00000000, sa_flags=0x00000000
SIGINT: SIG_DFL, sa_mask[0]=0x00000000, sa_flags=0x00000000
SIGTERM: SIG_DFL, sa_mask[0]=0x00000000, sa_flags=0x00000000
SIGQUIT: SIG_DFL, sa_mask[0]=0x00000000, sa_flags=0x00000000
SIGTRAP: SIG_DFL, sa_mask[0]=0x00000000, sa_flags=0x00000000


---------------  S Y S T E M  ---------------

OS:Ubuntu 14.04 (trusty)
uname:Linux 3.14.13-c9 #1 SMP Tue Aug 19 16:13:44 UTC 2014 x86_64
libc:glibc 2.19 NPTL 2.19 
rlimit: STACK 8192k, CORE 0k, NPROC 1048576, NOFILE 1048576, AS infinity
load average:2.29 2.74 3.43

/proc/meminfo:
MemTotal:       53704208 kB
MemFree:         4319964 kB
MemAvailable:   10721720 kB
Buffers:         1928724 kB
Cached:          9356900 kB
SwapCached:      5759680 kB
Active:         18754196 kB
Inactive:       18394016 kB
Active(anon):   13846084 kB
Inactive(anon): 13277236 kB
Active(file):    4908112 kB
Inactive(file):  5116780 kB
Unevictable:       84248 kB
Mlocked:           84248 kB
SwapTotal:      52428788 kB
SwapFree:       28945556 kB
Dirty:              2372 kB
Writeback:             0 kB
AnonPages:      21094764 kB
Mapped:           858944 kB
Shmem:           1257496 kB
Slab:            9624592 kB
SReclaimable:    6179728 kB
SUnreclaim:      3444864 kB
KernelStack:      259072 kB
PageTables:      1046456 kB
NFS_Unstable:          0 kB
Bounce:                0 kB
WritebackTmp:          0 kB
CommitLimit:    79280892 kB
Committed_AS:   230373900 kB
VmallocTotal:   34359738367 kB
VmallocUsed:      397756 kB
VmallocChunk:   34359197616 kB
HardwareCorrupted:     0 kB
AnonHugePages:         0 kB
HugePages_Total:       0
HugePages_Free:        0
HugePages_Rsvd:        0
HugePages_Surp:        0
Hugepagesize:       2048 kB
DirectMap4k:      182260 kB
DirectMap2M:    23934976 kB
DirectMap1G:    32505856 kB


CPU:total 8 (16 cores per cpu, 2 threads per core) family 6 model 63 stepping 0, cmov, cx8, fxsr, mmx, sse, sse2, sse3, ssse3, sse4.1, sse4.2, popcnt, avx, avx2, aes, erms, ht, tsc

/proc/cpuinfo:
processor	: 0
vendor_id	: GenuineIntel
cpu family	: 6
model		: 63
model name	: Intel(R) Xeon(R) CPU @ 2.30GHz
stepping	: 0
microcode	: 0x1
cpu MHz		: 2299.992
cache size	: 46080 KB
physical id	: 0
siblings	: 8
core id		: 0
cpu cores	: 4
apicid		: 0
initial apicid	: 0
fpu		: yes
fpu_exception	: yes
cpuid level	: 13
wp		: yes
flags		: fpu vme de pse tsc msr pae mce cx8 apic sep mtrr pge mca cmov pat pse36 clflush mmx fxsr sse sse2 ss ht syscall nx pdpe1gb rdtscp lm constant_tsc nopl xtopology eagerfpu pni pclmulqdq ssse3 fma cx16 sse4_1 sse4_2 x2apic movbe popcnt aes xsave avx f16c rdrand hypervisor lahf_lm abm xsaveopt fsgsbase bmi1 avx2 smep bmi2
bogomips	: 4599.98
clflush size	: 64
cache_alignment	: 64
address sizes	: 46 bits physical, 48 bits virtual
power management:

processor	: 1
vendor_id	: GenuineIntel
cpu family	: 6
model		: 63
model name	: Intel(R) Xeon(R) CPU @ 2.30GHz
stepping	: 0
microcode	: 0x1
cpu MHz		: 2299.992
cache size	: 46080 KB
physical id	: 0
siblings	: 8
core id		: 0
cpu cores	: 4
apicid		: 1
initial apicid	: 1
fpu		: yes
fpu_exception	: yes
cpuid level	: 13
wp		: yes
flags		: fpu vme de pse tsc msr pae mce cx8 apic sep mtrr pge mca cmov pat pse36 clflush mmx fxsr sse sse2 ss ht syscall nx pdpe1gb rdtscp lm constant_tsc nopl xtopology eagerfpu pni pclmulqdq ssse3 fma cx16 sse4_1 sse4_2 x2apic movbe popcnt aes xsave avx f16c rdrand hypervisor lahf_lm abm xsaveopt fsgsbase bmi1 avx2 smep bmi2
bogomips	: 4599.98
clflush size	: 64
cache_alignment	: 64
address sizes	: 46 bits physical, 48 bits virtual
power management:

processor	: 2
vendor_id	: GenuineIntel
cpu family	: 6
model		: 63
model name	: Intel(R) Xeon(R) CPU @ 2.30GHz
stepping	: 0
microcode	: 0x1
cpu MHz		: 2299.992
cache size	: 46080 KB
physical id	: 0
siblings	: 8
core id		: 1
cpu cores	: 4
apicid		: 2
initial apicid	: 2
fpu		: yes
fpu_exception	: yes
cpuid level	: 13
wp		: yes
flags		: fpu vme de pse tsc msr pae mce cx8 apic sep mtrr pge mca cmov pat pse36 clflush mmx fxsr sse sse2 ss ht syscall nx pdpe1gb rdtscp lm constant_tsc nopl xtopology eagerfpu pni pclmulqdq ssse3 fma cx16 sse4_1 sse4_2 x2apic movbe popcnt aes xsave avx f16c rdrand hypervisor lahf_lm abm xsaveopt fsgsbase bmi1 avx2 smep bmi2
bogomips	: 4599.98
clflush size	: 64
cache_alignment	: 64
address sizes	: 46 bits physical, 48 bits virtual
power management:

processor	: 3
vendor_id	: GenuineIntel
cpu family	: 6
model		: 63
model name	: Intel(R) Xeon(R) CPU @ 2.30GHz
stepping	: 0
microcode	: 0x1
cpu MHz		: 2299.992
cache size	: 46080 KB
physical id	: 0
siblings	: 8
core id		: 1
cpu cores	: 4
apicid		: 3
initial apicid	: 3
fpu		: yes
fpu_exception	: yes
cpuid level	: 13
wp		: yes
flags		: fpu vme de pse tsc msr pae mce cx8 apic sep mtrr pge mca cmov pat pse36 clflush mmx fxsr sse sse2 ss ht syscall nx pdpe1gb rdtscp lm constant_tsc nopl xtopology eagerfpu pni pclmulqdq ssse3 fma cx16 sse4_1 sse4_2 x2apic movbe popcnt aes xsave avx f16c rdrand hypervisor lahf_lm abm xsaveopt fsgsbase bmi1 avx2 smep bmi2
bogomips	: 4599.98
clflush size	: 64
cache_alignment	: 64
address sizes	: 46 bits physical, 48 bits virtual
power management:

processor	: 4
vendor_id	: GenuineIntel
cpu family	: 6
model		: 63
model name	: Intel(R) Xeon(R) CPU @ 2.30GHz
stepping	: 0
microcode	: 0x1
cpu MHz		: 2299.992
cache size	: 46080 KB
physical id	: 0
siblings	: 8
core id		: 2
cpu cores	: 4
apicid		: 4
initial apicid	: 4
fpu		: yes
fpu_exception	: yes
cpuid level	: 13
wp		: yes
flags		: fpu vme de pse tsc msr pae mce cx8 apic sep mtrr pge mca cmov pat pse36 clflush mmx fxsr sse sse2 ss ht syscall nx pdpe1gb rdtscp lm constant_tsc nopl xtopology eagerfpu pni pclmulqdq ssse3 fma cx16 sse4_1 sse4_2 x2apic movbe popcnt aes xsave avx f16c rdrand hypervisor lahf_lm abm xsaveopt fsgsbase bmi1 avx2 smep bmi2
bogomips	: 4599.98
clflush size	: 64
cache_alignment	: 64
address sizes	: 46 bits physical, 48 bits virtual
power management:

processor	: 5
vendor_id	: GenuineIntel
cpu family	: 6
model		: 63
model name	: Intel(R) Xeon(R) CPU @ 2.30GHz
stepping	: 0
microcode	: 0x1
cpu MHz		: 2299.992
cache size	: 46080 KB
physical id	: 0
siblings	: 8
core id		: 2
cpu cores	: 4
apicid		: 5
initial apicid	: 5
fpu		: yes
fpu_exception	: yes
cpuid level	: 13
wp		: yes
flags		: fpu vme de pse tsc msr pae mce cx8 apic sep mtrr pge mca cmov pat pse36 clflush mmx fxsr sse sse2 ss ht syscall nx pdpe1gb rdtscp lm constant_tsc nopl xtopology eagerfpu pni pclmulqdq ssse3 fma cx16 sse4_1 sse4_2 x2apic movbe popcnt aes xsave avx f16c rdrand hypervisor lahf_lm abm xsaveopt fsgsbase bmi1 avx2 smep bmi2
bogomips	: 4599.98
clflush size	: 64
cache_alignment	: 64
address sizes	: 46 bits physical, 48 bits virtual
power management:

processor	: 6
vendor_id	: GenuineIntel
cpu family	: 6
model		: 63
model name	: Intel(R) Xeon(R) CPU @ 2.30GHz
stepping	: 0
microcode	: 0x1
cpu MHz		: 2299.992
cache size	: 46080 KB
physical id	: 0
siblings	: 8
core id		: 3
cpu cores	: 4
apicid		: 6
initial apicid	: 6
fpu		: yes
fpu_exception	: yes
cpuid level	: 13
wp		: yes
flags		: fpu vme de pse tsc msr pae mce cx8 apic sep mtrr pge mca cmov pat pse36 clflush mmx fxsr sse sse2 ss ht syscall nx pdpe1gb rdtscp lm constant_tsc nopl xtopology eagerfpu pni pclmulqdq ssse3 fma cx16 sse4_1 sse4_2 x2apic movbe popcnt aes xsave avx f16c rdrand hypervisor lahf_lm abm xsaveopt fsgsbase bmi1 avx2 smep bmi2
bogomips	: 4599.98
clflush size	: 64
cache_alignment	: 64
address sizes	: 46 bits physical, 48 bits virtual
power management:

processor	: 7
vendor_id	: GenuineIntel
cpu family	: 6
model		: 63
model name	: Intel(R) Xeon(R) CPU @ 2.30GHz
stepping	: 0
microcode	: 0x1
cpu MHz		: 2299.992
cache size	: 46080 KB
physical id	: 0
siblings	: 8
core id		: 3
cpu cores	: 4
apicid		: 7
initial apicid	: 7
fpu		: yes
fpu_exception	: yes
cpuid level	: 13
wp		: yes
flags		: fpu vme de pse tsc msr pae mce cx8 apic sep mtrr pge mca cmov pat pse36 clflush mmx fxsr sse sse2 ss ht syscall nx pdpe1gb rdtscp lm constant_tsc nopl xtopology eagerfpu pni pclmulqdq ssse3 fma cx16 sse4_1 sse4_2 x2apic movbe popcnt aes xsave avx f16c rdrand hypervisor lahf_lm abm xsaveopt fsgsbase bmi1 avx2 smep bmi2
bogomips	: 4599.98
clflush size	: 64
cache_alignment	: 64
address sizes	: 46 bits physical, 48 bits virtual
power management:



Memory: 4k page, physical 53704208k(4319964k free), swap 52428788k(28945556k free)

vm_info: OpenJDK 64-Bit Server VM (24.79-b02) for linux-amd64 JRE (1.7.0_79-b14), built on Apr 16 2015 08:21:58 by "buildd" with gcc 4.8.2

time: Thu Aug 27 16:36:42 2015
elapsed time: 0 seconds

